--------------------------------------------------------------------------------------------------------------------
      name:  <unnamed>
       log:  F:\EmergencySurgeryinElderly\NEWEGS\Logforfigure2usingsecondregressionlisted.log
  log type:  text
 opened on:  12 Jun 2012, 09:23:24

. xi: logistic postopdeath  i.bmiclass chronicpulm decreasedfunction acutepulm chroniccardiac pvd renal acutecogniti
> ve chronicsteroid i.preopalbumincat  i.preopsepsis i.incisionalwound highasa optimequartile postmajorbleeding  pos
> tsuperficialssi postdeepssi postorganspacessi postdehiscence postpneumonia postunplannedreintubation postpulmembol
> ism postprolongedvent postrenalinsufficiency postnewdialysis postuti poststroke postcoma postcardiacarrest postmi 
> postgraftfailure postdvt postsepsis postsepticshock i.diagnosis numage10 if numage10 >= 3 & numage >= 65
i.bmiclass        _Ibmiclass_0-4      (naturally coded; _Ibmiclass_0 omitted)
i.preopalbumi~g   _Ipreopalbu_0-2     (naturally coded; _Ipreopalbu_0 omitted)
i.preopsepsis~s   _Ipreopseps_0-3     (naturally coded; _Ipreopseps_0 omitted)
i.incisionalw~s   _Iincisiona_0-3     (naturally coded; _Iincisiona_0 omitted)
i.diagnosis       _Idiagnosis_0-7     (naturally coded; _Idiagnosis_0 omitted)

Logistic regression                               Number of obs   =      20679
                                                  LR chi2(50)     =    5747.14
                                                  Prob > chi2     =     0.0000
Log likelihood = -3791.7307                       Pseudo R2       =     0.4311

------------------------------------------------------------------------------
 postopdeath | Odds Ratio   Std. Err.      z    P>|z|     [95% Conf. Interval]
-------------+----------------------------------------------------------------
_Ibmiclass_1 |    1.31701   .1214325     2.99   0.003     1.099273    1.577875
_Ibmiclass_2 |   .7882812   .0627147    -2.99   0.003     .6744669    .9213013
_Ibmiclass_3 |   .7775908   .0774734    -2.52   0.012     .6396518    .9452758
_Ibmiclass_4 |   .6986962   .0812416    -3.08   0.002     .5563064    .8775314
chronicpul~y |   1.296141   .0854851     3.93   0.000      1.13897       1.475
decreasedf~n |   2.048082   .1384939    10.60   0.000     1.793858    2.338335
acutepulmo~y |    1.50117    .145786     4.18   0.000     1.240983     1.81591
chroniccar~c |    1.15184   .0837218     1.94   0.052     .9989005    1.328195
         pvd |    1.26113   .1578843     1.85   0.064     .9867236    1.611848
       renal |   1.350312   .1338896     3.03   0.002     1.111818    1.639965
acutecogni~e |   1.322661   .1329584     2.78   0.005     1.086133    1.610699
chronicste~s |    1.49676   .1498073     4.03   0.000     1.230148    1.821155
_Ipreopalb~1 |   1.472223   .1100526     5.17   0.000     1.271581    1.704524
_Ipreopalb~2 |   1.037447   .0977594     0.39   0.696      .862495    1.247887
_Ipreopsep~1 |   1.158059   .0921175     1.84   0.065     .9908821    1.353441
_Ipreopsep~2 |   1.356657   .1315652     3.15   0.002     1.121819    1.640656
_Ipreopsep~3 |   2.617052    .285454     8.82   0.000     2.113332    3.240834
_Iincision~1 |    1.06703   .1235412     0.56   0.575     .8504015    1.338841
_Iincision~2 |   1.353747   .1660754     2.47   0.014     1.064421    1.721716
_Iincision~3 |   1.402124    .175918     2.69   0.007     1.096454    1.793011
     highasa |   2.308208   .1620245    11.92   0.000     2.011522    2.648652
optimequar~e |   .9699553   .0318219    -0.93   0.352     .9095484    1.034374
postmajorb~g |   1.159935   .1320698     1.30   0.193     .9279322    1.449944
postsuperf~i |   .4681353   .0742465    -4.79   0.000     .3430602     .638811
 postdeepssi |   .3819794   .1028653    -3.57   0.000     .2253281    .6475369
postorgans~i |   .5858659   .0955086    -3.28   0.001      .425632    .8064218
postdehisc~e |   .5669597   .1115228    -2.88   0.004     .3855832    .8336547
postpneumo~a |   1.004526   .0923325     0.05   0.961     .8389222     1.20282
postunplan~n |   1.755269    .162562     6.07   0.000     1.463898    2.104634
postpulmem~m |    .692963    .211226    -1.20   0.229     .3812856    1.259417
postprolon~t |   .9997542   .0812021    -0.00   0.998     .8526227    1.172275
postrenali~y |   2.595519    .494965     5.00   0.000     1.786077    3.771796
postnewdia~s |   3.888371   .5148533    10.26   0.000     2.999587    5.040505
     postuti |   .4280833   .0632297    -5.74   0.000      .320481    .5718133
  poststroke |   2.953393   .6686079     4.78   0.000     1.895051    4.602795
    postcoma |   8.952254   3.163356     6.20   0.000      4.47871    17.89418
postcardia~t |   22.74421    3.28278    21.65   0.000     17.14009    30.18067
      postmi |   2.120248   .3472561     4.59   0.000      1.53807    2.922787
postgraftf~e |    3.42073   2.667369     1.58   0.115     .7419606    15.77091
     postdvt |   .6572188   .1059464    -2.60   0.009     .4791735      .90142
  postsepsis |   .9850847   .1178355    -0.13   0.900     .7792076    1.245357
postseptic~k |   5.347811   .4716101    19.01   0.000     4.498945    6.356841
_Idiagnosi~1 |   3.314898   .5727918     6.94   0.000      2.36259    4.651061
_Idiagnosi~2 |   1.478733   .3074873     1.88   0.060     .9837642    2.222738
_Idiagnosi~3 |   2.721516   .5061977     5.38   0.000     1.890117    3.918619
_Idiagnosi~4 |   8.451948   1.460282    12.35   0.000      6.02408    11.85831
_Idiagnosi~5 |   2.884074   .5494411     5.56   0.000     1.985387    4.189552
_Idiagnosi~6 |   5.324532   .9493743     9.38   0.000     3.754141    7.551832
_Idiagnosi~7 |   3.831318   .7034046     7.32   0.000     2.673457    5.490642
numage10y~39 |    1.83901   .0715708    15.65   0.000      1.70395    1.984775
------------------------------------------------------------------------------

. lroc, nograph

Logistic model for postopdeath

number of observations =    20679
area under ROC curve   =   0.9310

. estat gof, group(10)

Logistic model for postopdeath, goodness-of-fit test

  (Table collapsed on quantiles of estimated probabilities)

       number of observations =     20679
             number of groups =        10
      Hosmer-Lemeshow chi2(8) =        59.17
                  Prob > chi2 =         0.0000

. log close
      name:  <unnamed>
       log:  F:\EmergencySurgeryinElderly\NEWEGS\Logforfigure2usingsecondregressionlisted.log
  log type:  text
 closed on:  12 Jun 2012, 09:24:33
--------------------------------------------------------------------------------------------------------------------
